# JRE version: OpenJDK Runtime Environment (11.0.15) (build 11.0.15+0-b2043.56-8887301)
# Java VM: OpenJDK 64-Bit Server VM (11.0.15+0-b2043.56-8887301, mixed mode, tiered, compressed oops, g1 gc, windows-amd64)
Heap:
 garbage-first heap   total 372736K, used 246558K [0x0000000080000000, 0x0000000100000000)
  region size 1024K, 2 young (2048K), 2 survivors (2048K)
 Metaspace       used 126594K, capacity 130479K, committed 130812K, reserved 1163264K
  class space    used 16261K, capacity 17756K, committed 17996K, reserved 1048576K
GC Heap History (20 events):
Event: 265.002 GC heap after
{Heap after GC invocations=112 (full 0):
 garbage-first heap   total 284672K, used 225460K [0x0000000080000000, 0x0000000100000000)
  region size 1024K, 2 young (2048K), 2 survivors (2048K)
 Metaspace       used 122737K, capacity 126448K, committed 126716K, reserved 1159168K
  class space    used 15693K, capacity 17185K, committed 17228K, reserved 1048576K
}
Event: 265.182 GC heap before
{Heap before GC invocations=112 (full 0):
 garbage-first heap   total 284672K, used 243892K [0x0000000080000000, 0x0000000100000000)
  region size 1024K, 20 young (20480K), 2 survivors (2048K)
 Metaspace       used 123315K, capacity 127142K, committed 127356K, reserved 1159168K
  class space    used 15780K, capacity 17315K, committed 17356K, reserved 1048576K
}
Event: 265.195 GC heap after
{Heap after GC invocations=113 (full 0):
 garbage-first heap   total 284672K, used 230054K [0x0000000080000000, 0x0000000100000000)
  region size 1024K, 3 young (3072K), 3 survivors (3072K)
 Metaspace       used 123315K, capacity 127142K, committed 127356K, reserved 1159168K
  class space    used 15780K, capacity 17315K, committed 17356K, reserved 1048576K
}
Event: 265.291 GC heap before
{Heap before GC invocations=113 (full 0):
 garbage-first heap   total 284672K, used 246438K [0x0000000080000000, 0x0000000100000000)
  region size 1024K, 19 young (19456K), 3 survivors (3072K)
 Metaspace       used 123343K, capacity 127159K, committed 127356K, reserved 1159168K
  class space    used 15782K, capacity 17319K, committed 17356K, reserved 1048576K
}
Event: 265.296 GC heap after
{Heap after GC invocations=114 (full 0):
 garbage-first heap   total 284672K, used 233286K [0x0000000080000000, 0x0000000100000000)
  region size 1024K, 3 young (3072K), 3 survivors (3072K)
 Metaspace       used 123343K, capacity 127159K, committed 127356K, reserved 1159168K
  class space    used 15782K, capacity 17319K, committed 17356K, reserved 1048576K
}
Event: 265.375 GC heap before
{Heap before GC invocations=114 (full 0):
 garbage-first heap   total 284672K, used 247622K [0x0000000080000000, 0x0000000100000000)
  region size 1024K, 17 young (17408K), 3 survivors (3072K)
 Metaspace       used 123034K, capacity 126717K, committed 127484K, reserved 1159168K
  class space    used 15652K, capacity 17093K, committed 17484K, reserved 1048576K
}
Event: 265.381 GC heap after
{Heap after GC invocations=115 (full 0):
 garbage-first heap   total 284672K, used 236087K [0x0000000080000000, 0x0000000100000000)
  region size 1024K, 3 young (3072K), 3 survivors (3072K)
 Metaspace       used 123034K, capacity 126717K, committed 127484K, reserved 1159168K
  class space    used 15652K, capacity 17093K, committed 17484K, reserved 1048576K
}
Event: 265.402 GC heap before
{Heap before GC invocations=115 (full 0):
 garbage-first heap   total 284672K, used 248375K [0x0000000080000000, 0x0000000100000000)
  region size 1024K, 15 young (15360K), 3 survivors (3072K)
 Metaspace       used 123044K, capacity 126723K, committed 127484K, reserved 1159168K
  class space    used 15654K, capacity 17095K, committed 17484K, reserved 1048576K
}
Event: 265.406 GC heap after
{Heap after GC invocations=116 (full 0):
 garbage-first heap   total 284672K, used 238271K [0x0000000080000000, 0x0000000100000000)
  region size 1024K, 2 young (2048K), 2 survivors (2048K)
 Metaspace       used 123044K, capacity 126723K, committed 127484K, reserved 1159168K
  class space    used 15654K, capacity 17095K, committed 17484K, reserved 1048576K
}
Event: 265.452 GC heap before
{Heap before GC invocations=117 (full 0):
 garbage-first heap   total 284672K, used 249535K [0x0000000080000000, 0x0000000100000000)
  region size 1024K, 13 young (13312K), 2 survivors (2048K)
 Metaspace       used 123153K, capacity 126821K, committed 127484K, reserved 1159168K
  class space    used 15669K, capacity 17106K, committed 17484K, reserved 1048576K
}
Event: 265.456 GC heap after
{Heap after GC invocations=118 (full 0):
 garbage-first heap   total 284672K, used 240640K [0x0000000080000000, 0x0000000100000000)
  region size 1024K, 2 young (2048K), 2 survivors (2048K)
 Metaspace       used 123153K, capacity 126821K, committed 127484K, reserved 1159168K
  class space    used 15669K, capacity 17106K, committed 17484K, reserved 1048576K
}
Event: 265.474 GC heap before
{Heap before GC invocations=118 (full 0):
 garbage-first heap   total 284672K, used 251904K [0x0000000080000000, 0x0000000100000000)
  region size 1024K, 13 young (13312K), 2 survivors (2048K)
 Metaspace       used 123258K, capacity 126970K, committed 127740K, reserved 1159168K
  class space    used 15681K, capacity 17113K, committed 17484K, reserved 1048576K
}
Event: 265.479 GC heap after
{Heap after GC invocations=119 (full 0):
 garbage-first heap   total 284672K, used 241720K [0x0000000080000000, 0x0000000100000000)
  region size 1024K, 2 young (2048K), 2 survivors (2048K)
 Metaspace       used 123258K, capacity 126970K, committed 127740K, reserved 1159168K
  class space    used 15681K, capacity 17113K, committed 17484K, reserved 1048576K
}
Event: 265.532 GC heap before
{Heap before GC invocations=119 (full 0):
 garbage-first heap   total 284672K, used 252984K [0x0000000080000000, 0x0000000100000000)
  region size 1024K, 13 young (13312K), 2 survivors (2048K)
 Metaspace       used 123636K, capacity 127381K, committed 127996K, reserved 1159168K
  class space    used 15771K, capacity 17217K, committed 17484K, reserved 1048576K
}
Event: 265.537 GC heap after
{Heap after GC invocations=120 (full 0):
 garbage-first heap   total 284672K, used 243597K [0x0000000080000000, 0x0000000100000000)
  region size 1024K, 2 young (2048K), 2 survivors (2048K)
 Metaspace       used 123636K, capacity 127381K, committed 127996K, reserved 1159168K
  class space    used 15771K, capacity 17217K, committed 17484K, reserved 1048576K
}
Event: 265.959 GC heap before
{Heap before GC invocations=121 (full 0):
 garbage-first heap   total 284672K, used 253837K [0x0000000080000000, 0x0000000100000000)
  region size 1024K, 13 young (13312K), 2 survivors (2048K)
 Metaspace       used 124842K, capacity 128544K, committed 129276K, reserved 1161216K
  class space    used 15946K, capacity 17386K, committed 17740K, reserved 1048576K
}
Event: 265.967 GC heap after
{Heap after GC invocations=122 (full 0):
 garbage-first heap   total 284672K, used 244877K [0x0000000080000000, 0x0000000100000000)
  region size 1024K, 2 young (2048K), 2 survivors (2048K)
 Metaspace       used 124842K, capacity 128544K, committed 129276K, reserved 1161216K
  class space    used 15946K, capacity 17386K, committed 17740K, reserved 1048576K
}
Event: 266.155 GC heap before
{Heap before GC invocations=122 (full 0):
 garbage-first heap   total 284672K, used 255117K [0x0000000080000000, 0x0000000100000000)
  region size 1024K, 13 young (13312K), 2 survivors (2048K)
 Metaspace       used 126154K, capacity 130012K, committed 130428K, reserved 1161216K
  class space    used 16163K, capacity 17643K, committed 17868K, reserved 1048576K
}
Event: 266.161 GC heap after
{Heap after GC invocations=123 (full 0):
 garbage-first heap   total 284672K, used 245278K [0x0000000080000000, 0x0000000100000000)
  region size 1024K, 2 young (2048K), 2 survivors (2048K)
 Metaspace       used 126154K, capacity 130012K, committed 130428K, reserved 1161216K
  class space    used 16163K, capacity 17643K, committed 17868K, reserved 1048576K
}
Event: 266.232 GC heap before
{Heap before GC invocations=123 (full 0):
 garbage-first heap   total 284672K, used 255518K [0x0000000080000000, 0x0000000100000000)
  region size 1024K, 13 young (13312K), 2 survivors (2048K)
 Metaspace       used 126594K, capacity 130479K, committed 130812K, reserved 1163264K
  class space    used 16261K, capacity 17756K, committed 17996K, reserved 1048576K
}

